<?xml version="1.0" encoding="UTF-8"?>
<!-- Generated by org.testng.reporters.JUnitXMLReporter -->
<testsuite ignored="0" hostname="LAPTOP-1T7NIORR" failures="1" tests="2" name="test1" time="42.969" errors="0" timestamp="10 Aug 2024 04:29:32 GMT">
  <testcase classname="com.qa.opencart.Tests.WebCarausalScreenTest" name="clickContactCTATest" time="0.079"/>
  <testcase classname="com.qa.opencart.Tests.MobileScreenTest" name="getTextValidationTest" time="7.974">
    <failure type="org.openqa.selenium.NoSuchElementException" message="Unable to find element with locator By.xpath: //div[text()=&amp;apos;6 Digit OTP will be sent to this number&amp;apos;]
For documentation on this error, please visit: https://www.selenium.dev/documentation/webdriver/troubleshooting/errors#no-such-element-exception
Build info: version: &amp;apos;4.21.0&amp;apos;, revision: &amp;apos;79ed462ef4&amp;apos;
System info: os.name: &amp;apos;Windows 11&amp;apos;, os.arch: &amp;apos;amd64&amp;apos;, os.version: &amp;apos;10.0&amp;apos;, java.version: &amp;apos;17.0.9&amp;apos;
Driver info: driver.version: RemoteWebDriver">
      <![CDATA[org.openqa.selenium.NoSuchElementException: Unable to find element with locator By.xpath: //div[text()='6 Digit OTP will be sent to this number']
For documentation on this error, please visit: https://www.selenium.dev/documentation/webdriver/troubleshooting/errors#no-such-element-exception
Build info: version: '4.21.0', revision: '79ed462ef4'
System info: os.name: 'Windows 11', os.arch: 'amd64', os.version: '10.0', java.version: '17.0.9'
Driver info: driver.version: RemoteWebDriver
at org.openqa.selenium.remote.ElementLocation$ElementFinder$2.findElement(ElementLocation.java:168)
at org.openqa.selenium.remote.ElementLocation.findElement(ElementLocation.java:59)
at org.openqa.selenium.remote.RemoteWebDriver.findElement(RemoteWebDriver.java:355)
at org.openqa.selenium.remote.RemoteWebDriver.findElement(RemoteWebDriver.java:349)
at com.qa.opencart.Pages.MobileScreen.getTextvalidation(MobileScreen.java:33)
at com.qa.opencart.Tests.MobileScreenTest.getTextValidationTest(MobileScreenTest.java:12)
... Removed 25 stack frames]]>
    </failure>
  </testcase> <!-- getTextValidationTest -->
</testsuite> <!-- test1 -->
