<!DOCTYPE html>

<html>
  <head>
  <meta charset='utf-8'>
  <title>TestNG reports</title>

    <link type="text/css" href="testng-reports.css" rel="stylesheet" />
    <script type="text/javascript" src="jquery-1.7.1.min.js"></script>
    <script type="text/javascript" src="testng-reports.js"></script>
    <script type="text/javascript" src="https://www.google.com/jsapi"></script>
    <script type='text/javascript'>
      google.load('visualization', '1', {packages:['table']});
      google.setOnLoadCallback(drawTable);
      var suiteTableInitFunctions = new Array();
      var suiteTableData = new Array();
    </script>
    <!--
      <script type="text/javascript" src="jquery-ui/js/jquery-ui-1.8.16.custom.min.js"></script>
     -->
  </head>

  <body>
    <div class="top-banner-root">
      <span class="top-banner-title-font">Test results</span>
      <br/>
      <span class="top-banner-font-1">1 suite, 5 failed tests</span>
    </div> <!-- top-banner-root -->
    <div class="navigator-root">
      <div class="navigator-suite-header">
        <span>All suites</span>
        <a href="#" title="Collapse/expand all the suites" class="collapse-all-link">
          <img src="collapseall.gif" class="collapse-all-icon">
          </img> <!-- collapse-all-icon -->
        </a> <!-- collapse-all-link -->
      </div> <!-- navigator-suite-header -->
      <div class="suite">
        <div class="rounded-window">
          <div class="suite-header light-rounded-window-top">
            <a href="#" panel-name="suite-Default_suite" class="navigator-link">
              <span class="suite-name border-failed">Default suite</span>
            </a> <!-- navigator-link -->
          </div> <!-- suite-header light-rounded-window-top -->
          <div class="navigator-suite-content">
            <div class="suite-section-title">
              <span>Info</span>
            </div> <!-- suite-section-title -->
            <div class="suite-section-content">
              <ul>
                <li>
                  <a href="#" panel-name="test-xml-Default_suite" class="navigator-link ">
                    <span>C:\Users\ARUN KUMAR\AppData\Local\Temp\testng-eclipse-91799966\testng-customsuite.xml</span>
                  </a> <!-- navigator-link  -->
                </li>
                <li>
                  <a href="#" panel-name="testlist-Default_suite" class="navigator-link ">
                    <span class="test-stats">1 test</span>
                  </a> <!-- navigator-link  -->
                </li>
                <li>
                  <a href="#" panel-name="group-Default_suite" class="navigator-link ">
                    <span>0 groups</span>
                  </a> <!-- navigator-link  -->
                </li>
                <li>
                  <a href="#" panel-name="times-Default_suite" class="navigator-link ">
                    <span>Times</span>
                  </a> <!-- navigator-link  -->
                </li>
                <li>
                  <a href="#" panel-name="reporter-Default_suite" class="navigator-link ">
                    <span>Reporter output</span>
                  </a> <!-- navigator-link  -->
                </li>
                <li>
                  <a href="#" panel-name="ignored-methods-Default_suite" class="navigator-link ">
                    <span>Ignored methods</span>
                  </a> <!-- navigator-link  -->
                </li>
                <li>
                  <a href="#" panel-name="chronological-Default_suite" class="navigator-link ">
                    <span>Chronological view</span>
                  </a> <!-- navigator-link  -->
                </li>
              </ul>
            </div> <!-- suite-section-content -->
            <div class="result-section">
              <div class="suite-section-title">
                <span>Results</span>
              </div> <!-- suite-section-title -->
              <div class="suite-section-content">
                <ul>
                  <li>
                    <span class="method-stats">38 methods, 5 failed,   33 passed</span>
                  </li>
                  <li>
                    <span class="method-list-title failed">Failed methods</span>
                    <span class="show-or-hide-methods failed">
                      <a href="#" panel-name="suite-Default_suite" class="hide-methods failed suite-Default_suite"> (hide)</a> <!-- hide-methods failed suite-Default_suite -->
                      <a href="#" panel-name="suite-Default_suite" class="show-methods failed suite-Default_suite"> (show)</a> <!-- show-methods failed suite-Default_suite -->
                    </span>
                    <div class="method-list-content failed suite-Default_suite">
                      <span>
                        <img src="failed.png" width="3%"/>
                        <a href="#" panel-name="suite-Default_suite" title="uatIndieWeb.Tests.IndieWebTestcasesWiseExecution" class="method navigator-link" hash-for-method="clickOnOtpSubmitCTATest">clickOnOtpSubmitCTATest</a> <!-- method navigator-link -->
                      </span>
                      <br/>
                      <span>
                        <img src="failed.png" width="3%"/>
                        <a href="#" panel-name="suite-Default_suite" title="uatIndieWeb.Tests.IndieWebTestcasesWiseExecution" class="method navigator-link" hash-for-method="verifyClickOnPanSubmitCTATest">verifyClickOnPanSubmitCTATest</a> <!-- method navigator-link -->
                      </span>
                      <br/>
                      <span>
                        <img src="failed.png" width="3%"/>
                        <a href="#" panel-name="suite-Default_suite" title="uatIndieWeb.Tests.IndieWebTestcasesWiseExecution" class="method navigator-link" hash-for-method="verifyEnterPanTest">verifyEnterPanTest</a> <!-- method navigator-link -->
                      </span>
                      <br/>
                      <span>
                        <img src="failed.png" width="3%"/>
                        <a href="#" panel-name="suite-Default_suite" title="uatIndieWeb.Tests.IndieWebTestcasesWiseExecution" class="method navigator-link" hash-for-method="verifyInputDOBAtAdhaarScreenTest">verifyInputDOBAtAdhaarScreenTest</a> <!-- method navigator-link -->
                      </span>
                      <br/>
                      <span>
                        <img src="failed.png" width="3%"/>
                        <a href="#" panel-name="suite-Default_suite" title="uatIndieWeb.Tests.IndieWebTestcasesWiseExecution" class="method navigator-link" hash-for-method="verifySelectBirthYearFromCalenderTest">verifySelectBirthYearFromCalenderTest</a> <!-- method navigator-link -->
                      </span>
                      <br/>
                    </div> <!-- method-list-content failed suite-Default_suite -->
                  </li>
                  <li>
                    <span class="method-list-title passed">Passed methods</span>
                    <span class="show-or-hide-methods passed">
                      <a href="#" panel-name="suite-Default_suite" class="hide-methods passed suite-Default_suite"> (hide)</a> <!-- hide-methods passed suite-Default_suite -->
                      <a href="#" panel-name="suite-Default_suite" class="show-methods passed suite-Default_suite"> (show)</a> <!-- show-methods passed suite-Default_suite -->
                    </span>
                    <div class="method-list-content passed suite-Default_suite">
                      <span>
                        <img src="passed.png" width="3%"/>
                        <a href="#" panel-name="suite-Default_suite" title="uatIndieWeb.Tests.IndieWebTestcasesWiseExecution" class="method navigator-link" hash-for-method="clickAepsCheckBoxTest">clickAepsCheckBoxTest</a> <!-- method navigator-link -->
                      </span>
                      <br/>
                      <span>
                        <img src="passed.png" width="3%"/>
                        <a href="#" panel-name="suite-Default_suite" title="uatIndieWeb.Tests.IndieWebTestcasesWiseExecution" class="method navigator-link" hash-for-method="clickContactCTATest">clickContactCTATest</a> <!-- method navigator-link -->
                      </span>
                      <br/>
                      <span>
                        <img src="passed.png" width="3%"/>
                        <a href="#" panel-name="suite-Default_suite" title="uatIndieWeb.Tests.IndieWebTestcasesWiseExecution" class="method navigator-link" hash-for-method="clickPhoneSubmitCTATest">clickPhoneSubmitCTATest</a> <!-- method navigator-link -->
                      </span>
                      <br/>
                      <span>
                        <img src="passed.png" width="3%"/>
                        <a href="#" panel-name="suite-Default_suite" title="uatIndieWeb.Tests.IndieWebTestcasesWiseExecution" class="method navigator-link" hash-for-method="clickReferralLinkCTATest">clickReferralLinkCTATest</a> <!-- method navigator-link -->
                      </span>
                      <br/>
                      <span>
                        <img src="passed.png" width="3%"/>
                        <a href="#" panel-name="suite-Default_suite" title="uatIndieWeb.Tests.IndieWebTestcasesWiseExecution" class="method navigator-link" hash-for-method="clickReferralSubmitCTATest">clickReferralSubmitCTATest</a> <!-- method navigator-link -->
                      </span>
                      <br/>
                      <span>
                        <img src="passed.png" width="3%"/>
                        <a href="#" panel-name="suite-Default_suite" title="uatIndieWeb.Tests.IndieWebTestcasesWiseExecution" class="method navigator-link" hash-for-method="closeContactUsPopUpTest">closeContactUsPopUpTest</a> <!-- method navigator-link -->
                      </span>
                      <br/>
                      <span>
                        <img src="passed.png" width="3%"/>
                        <a href="#" panel-name="suite-Default_suite" title="uatIndieWeb.Tests.IndieWebTestcasesWiseExecution" class="method navigator-link" hash-for-method="enterOtpTextfield1Test">enterOtpTextfield1Test</a> <!-- method navigator-link -->
                      </span>
                      <br/>
                      <span>
                        <img src="passed.png" width="3%"/>
                        <a href="#" panel-name="suite-Default_suite" title="uatIndieWeb.Tests.IndieWebTestcasesWiseExecution" class="method navigator-link" hash-for-method="enterOtpTextfield2Test">enterOtpTextfield2Test</a> <!-- method navigator-link -->
                      </span>
                      <br/>
                      <span>
                        <img src="passed.png" width="3%"/>
                        <a href="#" panel-name="suite-Default_suite" title="uatIndieWeb.Tests.IndieWebTestcasesWiseExecution" class="method navigator-link" hash-for-method="enterOtpTextfield3Test">enterOtpTextfield3Test</a> <!-- method navigator-link -->
                      </span>
                      <br/>
                      <span>
                        <img src="passed.png" width="3%"/>
                        <a href="#" panel-name="suite-Default_suite" title="uatIndieWeb.Tests.IndieWebTestcasesWiseExecution" class="method navigator-link" hash-for-method="enterOtpTextfield4Test">enterOtpTextfield4Test</a> <!-- method navigator-link -->
                      </span>
                      <br/>
                      <span>
                        <img src="passed.png" width="3%"/>
                        <a href="#" panel-name="suite-Default_suite" title="uatIndieWeb.Tests.IndieWebTestcasesWiseExecution" class="method navigator-link" hash-for-method="enterOtpTextfield5Test">enterOtpTextfield5Test</a> <!-- method navigator-link -->
                      </span>
                      <br/>
                      <span>
                        <img src="passed.png" width="3%"/>
                        <a href="#" panel-name="suite-Default_suite" title="uatIndieWeb.Tests.IndieWebTestcasesWiseExecution" class="method navigator-link" hash-for-method="enterOtpTextfield6Test">enterOtpTextfield6Test</a> <!-- method navigator-link -->
                      </span>
                      <br/>
                      <span>
                        <img src="passed.png" width="3%"/>
                        <a href="#" panel-name="suite-Default_suite" title="uatIndieWeb.Tests.IndieWebTestcasesWiseExecution" class="method navigator-link" hash-for-method="enterPhoneNumberTest">enterPhoneNumberTest</a> <!-- method navigator-link -->
                      </span>
                      <br/>
                      <span>
                        <img src="passed.png" width="3%"/>
                        <a href="#" panel-name="suite-Default_suite" title="uatIndieWeb.Tests.IndieWebTestcasesWiseExecution" class="method navigator-link" hash-for-method="enterReferralCodeTest">enterReferralCodeTest</a> <!-- method navigator-link -->
                      </span>
                      <br/>
                      <span>
                        <img src="passed.png" width="3%"/>
                        <a href="#" panel-name="suite-Default_suite" title="uatIndieWeb.Tests.IndieWebTestcasesWiseExecution" class="method navigator-link" hash-for-method="getAepsConsentTextTest">getAepsConsentTextTest</a> <!-- method navigator-link -->
                      </span>
                      <br/>
                      <span>
                        <img src="passed.png" width="3%"/>
                        <a href="#" panel-name="suite-Default_suite" title="uatIndieWeb.Tests.IndieWebTestcasesWiseExecution" class="method navigator-link" hash-for-method="getMobileOtpScreenTest">getMobileOtpScreenTest</a> <!-- method navigator-link -->
                      </span>
                      <br/>
                      <span>
                        <img src="passed.png" width="3%"/>
                        <a href="#" panel-name="suite-Default_suite" title="uatIndieWeb.Tests.IndieWebTestcasesWiseExecution" class="method navigator-link" hash-for-method="getSupportIndieEmailidTest">getSupportIndieEmailidTest</a> <!-- method navigator-link -->
                      </span>
                      <br/>
                      <span>
                        <img src="passed.png" width="3%"/>
                        <a href="#" panel-name="suite-Default_suite" title="uatIndieWeb.Tests.IndieWebTestcasesWiseExecution" class="method navigator-link" hash-for-method="getTextValidationTest">getTextValidationTest</a> <!-- method navigator-link -->
                      </span>
                      <br/>
                      <span>
                        <img src="passed.png" width="3%"/>
                        <a href="#" panel-name="suite-Default_suite" title="uatIndieWeb.Tests.IndieWebTestcasesWiseExecution" class="method navigator-link" hash-for-method="letsGetStartedCTATest">letsGetStartedCTATest</a> <!-- method navigator-link -->
                      </span>
                      <br/>
                      <span>
                        <img src="passed.png" width="3%"/>
                        <a href="#" panel-name="suite-Default_suite" title="uatIndieWeb.Tests.IndieWebTestcasesWiseExecution" class="method navigator-link" hash-for-method="navigationToEnterPhoneNumberScreenTest">navigationToEnterPhoneNumberScreenTest</a> <!-- method navigator-link -->
                      </span>
                      <br/>
                      <span>
                        <img src="passed.png" width="3%"/>
                        <a href="#" panel-name="suite-Default_suite" title="uatIndieWeb.Tests.IndieWebTestcasesWiseExecution" class="method navigator-link" hash-for-method="validateTextAtReferralPopUpTest">validateTextAtReferralPopUpTest</a> <!-- method navigator-link -->
                      </span>
                      <br/>
                      <span>
                        <img src="passed.png" width="3%"/>
                        <a href="#" panel-name="suite-Default_suite" title="uatIndieWeb.Tests.IndieWebTestcasesWiseExecution" class="method navigator-link" hash-for-method="verifyInputAdhaarfield10Test">verifyInputAdhaarfield10Test</a> <!-- method navigator-link -->
                      </span>
                      <br/>
                      <span>
                        <img src="passed.png" width="3%"/>
                        <a href="#" panel-name="suite-Default_suite" title="uatIndieWeb.Tests.IndieWebTestcasesWiseExecution" class="method navigator-link" hash-for-method="verifyInputAdhaarfield11Test">verifyInputAdhaarfield11Test</a> <!-- method navigator-link -->
                      </span>
                      <br/>
                      <span>
                        <img src="passed.png" width="3%"/>
                        <a href="#" panel-name="suite-Default_suite" title="uatIndieWeb.Tests.IndieWebTestcasesWiseExecution" class="method navigator-link" hash-for-method="verifyInputAdhaarfield121Test">verifyInputAdhaarfield121Test</a> <!-- method navigator-link -->
                      </span>
                      <br/>
                      <span>
                        <img src="passed.png" width="3%"/>
                        <a href="#" panel-name="suite-Default_suite" title="uatIndieWeb.Tests.IndieWebTestcasesWiseExecution" class="method navigator-link" hash-for-method="verifyInputAdhaarfield1Test">verifyInputAdhaarfield1Test</a> <!-- method navigator-link -->
                      </span>
                      <br/>
                      <span>
                        <img src="passed.png" width="3%"/>
                        <a href="#" panel-name="suite-Default_suite" title="uatIndieWeb.Tests.IndieWebTestcasesWiseExecution" class="method navigator-link" hash-for-method="verifyInputAdhaarfield2Test">verifyInputAdhaarfield2Test</a> <!-- method navigator-link -->
                      </span>
                      <br/>
                      <span>
                        <img src="passed.png" width="3%"/>
                        <a href="#" panel-name="suite-Default_suite" title="uatIndieWeb.Tests.IndieWebTestcasesWiseExecution" class="method navigator-link" hash-for-method="verifyInputAdhaarfield3Test">verifyInputAdhaarfield3Test</a> <!-- method navigator-link -->
                      </span>
                      <br/>
                      <span>
                        <img src="passed.png" width="3%"/>
                        <a href="#" panel-name="suite-Default_suite" title="uatIndieWeb.Tests.IndieWebTestcasesWiseExecution" class="method navigator-link" hash-for-method="verifyInputAdhaarfield4Test">verifyInputAdhaarfield4Test</a> <!-- method navigator-link -->
                      </span>
                      <br/>
                      <span>
                        <img src="passed.png" width="3%"/>
                        <a href="#" panel-name="suite-Default_suite" title="uatIndieWeb.Tests.IndieWebTestcasesWiseExecution" class="method navigator-link" hash-for-method="verifyInputAdhaarfield5Test">verifyInputAdhaarfield5Test</a> <!-- method navigator-link -->
                      </span>
                      <br/>
                      <span>
                        <img src="passed.png" width="3%"/>
                        <a href="#" panel-name="suite-Default_suite" title="uatIndieWeb.Tests.IndieWebTestcasesWiseExecution" class="method navigator-link" hash-for-method="verifyInputAdhaarfield6Test">verifyInputAdhaarfield6Test</a> <!-- method navigator-link -->
                      </span>
                      <br/>
                      <span>
                        <img src="passed.png" width="3%"/>
                        <a href="#" panel-name="suite-Default_suite" title="uatIndieWeb.Tests.IndieWebTestcasesWiseExecution" class="method navigator-link" hash-for-method="verifyInputAdhaarfield7Test">verifyInputAdhaarfield7Test</a> <!-- method navigator-link -->
                      </span>
                      <br/>
                      <span>
                        <img src="passed.png" width="3%"/>
                        <a href="#" panel-name="suite-Default_suite" title="uatIndieWeb.Tests.IndieWebTestcasesWiseExecution" class="method navigator-link" hash-for-method="verifyInputAdhaarfield8Test">verifyInputAdhaarfield8Test</a> <!-- method navigator-link -->
                      </span>
                      <br/>
                      <span>
                        <img src="passed.png" width="3%"/>
                        <a href="#" panel-name="suite-Default_suite" title="uatIndieWeb.Tests.IndieWebTestcasesWiseExecution" class="method navigator-link" hash-for-method="verifyInputAdhaarfield9Test">verifyInputAdhaarfield9Test</a> <!-- method navigator-link -->
                      </span>
                      <br/>
                    </div> <!-- method-list-content passed suite-Default_suite -->
                  </li>
                </ul>
              </div> <!-- suite-section-content -->
            </div> <!-- result-section -->
          </div> <!-- navigator-suite-content -->
        </div> <!-- rounded-window -->
      </div> <!-- suite -->
    </div> <!-- navigator-root -->
    <div class="wrapper">
      <div class="main-panel-root">
        <div panel-name="suite-Default_suite" class="panel Default_suite">
          <div class="suite-Default_suite-class-failed">
            <div class="main-panel-header rounded-window-top">
              <img src="failed.png"/>
              <span class="class-name">uatIndieWeb.Tests.IndieWebTestcasesWiseExecution</span>
            </div> <!-- main-panel-header rounded-window-top -->
            <div class="main-panel-content rounded-window-bottom">
              <div class="method">
                <div class="method-content">
                  <a name="clickOnOtpSubmitCTATest">
                  </a> <!-- clickOnOtpSubmitCTATest -->
                  <span class="method-name">clickOnOtpSubmitCTATest</span>
                  <div class="stack-trace">org.openqa.selenium.ElementClickInterceptedException: element click intercepted: Element &lt;button data-testid=&quot;WEB-AND_ONBRD_MOB-OTP_SBMT-BTN&quot; class=&quot;text-text-base rounded-md text-md p-3 font-nunitoSansRegular w-full fontInterRegular fontSize14 bgOrange &quot;&gt;...&lt;/button&gt; is not clickable at point (1324, 596). Other element would receive the click: &lt;div class=&quot;justify-center items-center flex overflow-x-hidden overflow-y-auto fixed inset-0 z-50 outline-none focus:outline-none&quot;&gt;...&lt;/div&gt;
  (Session info: chrome=127.0.6533.120)
Build info: version: &apos;4.21.0&apos;, revision: &apos;79ed462ef4&apos;
System info: os.name: &apos;Windows 11&apos;, os.arch: &apos;amd64&apos;, os.version: &apos;10.0&apos;, java.version: &apos;17.0.9&apos;
Driver info: org.openqa.selenium.chrome.ChromeDriver
Command: [7628578f2860984ac461691877f83014, clickElement {id=f.F786A13BE633FFA2994DF7FCE8F695F6.d.4A5C4DAF8175785CC6605D0EED8FD140.e.69}]
Capabilities {acceptInsecureCerts: false, browserName: chrome, browserVersion: 127.0.6533.120, chrome: {chromedriverVersion: 127.0.6533.119 (bdef6783a05..., userDataDir: C:\Users\ARUNKU~1\AppData\L...}, fedcm:accounts: true, goog:chromeOptions: {debuggerAddress: localhost:63762}, networkConnectionEnabled: false, pageLoadStrategy: normal, platformName: windows, proxy: Proxy(), se:cdp: ws://localhost:63762/devtoo..., se:cdpVersion: 127.0.6533.120, setWindowRect: true, strictFileInteractability: false, timeouts: {implicit: 0, pageLoad: 300000, script: 30000}, unhandledPromptBehavior: dismiss and notify, webauthn:extension:credBlob: true, webauthn:extension:largeBlob: true, webauthn:extension:minPinLength: true, webauthn:extension:prf: true, webauthn:virtualAuthenticators: true}
Element: [[ChromeDriver: chrome on windows (7628578f2860984ac461691877f83014)] -&gt; xpath: //button[@data-testid = &quot;WEB-AND_ONBRD_MOB-OTP_SBMT-BTN&quot;]]
Session ID: 7628578f2860984ac461691877f83014
	at java.base/jdk.internal.reflect.NativeConstructorAccessorImpl.newInstance0(Native Method)
	at java.base/jdk.internal.reflect.NativeConstructorAccessorImpl.newInstance(NativeConstructorAccessorImpl.java:77)
	at java.base/jdk.internal.reflect.DelegatingConstructorAccessorImpl.newInstance(DelegatingConstructorAccessorImpl.java:45)
	at java.base/java.lang.reflect.Constructor.newInstanceWithCaller(Constructor.java:499)
	at java.base/java.lang.reflect.Constructor.newInstance(Constructor.java:480)
	at org.openqa.selenium.remote.ErrorCodec.decode(ErrorCodec.java:167)
	at org.openqa.selenium.remote.codec.w3c.W3CHttpResponseCodec.decode(W3CHttpResponseCodec.java:138)
	at org.openqa.selenium.remote.codec.w3c.W3CHttpResponseCodec.decode(W3CHttpResponseCodec.java:50)
	at org.openqa.selenium.remote.HttpCommandExecutor.execute(HttpCommandExecutor.java:190)
	at org.openqa.selenium.remote.service.DriverCommandExecutor.invokeExecute(DriverCommandExecutor.java:216)
	at org.openqa.selenium.remote.service.DriverCommandExecutor.execute(DriverCommandExecutor.java:174)
	at org.openqa.selenium.remote.RemoteWebDriver.execute(RemoteWebDriver.java:518)
	at org.openqa.selenium.remote.RemoteWebElement.execute(RemoteWebElement.java:223)
	at org.openqa.selenium.remote.RemoteWebElement.click(RemoteWebElement.java:76)
	at uatIndieWeb.Pages.PhoneOtpScreen.clickOnOtpSubmitCTA(PhoneOtpScreen.java:71)
	at uatIndieWeb.Tests.IndieWebTestcasesWiseExecution.clickOnOtpSubmitCTATest(IndieWebTestcasesWiseExecution.java:156)
	at java.base/jdk.internal.reflect.NativeMethodAccessorImpl.invoke0(Native Method)
	at java.base/jdk.internal.reflect.NativeMethodAccessorImpl.invoke(NativeMethodAccessorImpl.java:77)
	at java.base/jdk.internal.reflect.DelegatingMethodAccessorImpl.invoke(DelegatingMethodAccessorImpl.java:43)
	at java.base/java.lang.reflect.Method.invoke(Method.java:568)
	at org.testng.internal.MethodInvocationHelper.invokeMethod(MethodInvocationHelper.java:124)
	at org.testng.internal.Invoker.invokeMethod(Invoker.java:583)
	at org.testng.internal.Invoker.invokeTestMethod(Invoker.java:719)
	at org.testng.internal.Invoker.invokeTestMethods(Invoker.java:989)
	at org.testng.internal.TestMethodWorker.invokeTestMethods(TestMethodWorker.java:125)
	at org.testng.internal.TestMethodWorker.run(TestMethodWorker.java:109)
	at org.testng.TestRunner.privateRun(TestRunner.java:648)
	at org.testng.TestRunner.run(TestRunner.java:505)
	at org.testng.SuiteRunner.runTest(SuiteRunner.java:455)
	at org.testng.SuiteRunner.runSequentially(SuiteRunner.java:450)
	at org.testng.SuiteRunner.privateRun(SuiteRunner.java:415)
	at org.testng.SuiteRunner.run(SuiteRunner.java:364)
	at org.testng.SuiteRunnerWorker.runSuite(SuiteRunnerWorker.java:52)
	at org.testng.SuiteRunnerWorker.run(SuiteRunnerWorker.java:84)
	at org.testng.TestNG.runSuitesSequentially(TestNG.java:1208)
	at org.testng.TestNG.runSuitesLocally(TestNG.java:1137)
	at org.testng.TestNG.runSuites(TestNG.java:1049)
	at org.testng.TestNG.run(TestNG.java:1017)
	at org.testng.remote.AbstractRemoteTestNG.run(AbstractRemoteTestNG.java:115)
	at org.testng.remote.RemoteTestNG.initAndRun(RemoteTestNG.java:251)
	at org.testng.remote.RemoteTestNG.main(RemoteTestNG.java:77)

</div> <!-- stack-trace -->
                </div> <!-- method-content -->
              </div> <!-- method -->
              <div class="method">
                <div class="method-content">
                  <a name="verifyClickOnPanSubmitCTATest">
                  </a> <!-- verifyClickOnPanSubmitCTATest -->
                  <span class="method-name">verifyClickOnPanSubmitCTATest</span>
                  <div class="stack-trace">org.openqa.selenium.NoSuchElementException: no such element: Unable to locate element: {&quot;method&quot;:&quot;xpath&quot;,&quot;selector&quot;:&quot;//button[@data-testid = &quot;WEB-AND_ONBRD_ENTR-PAN_SBMT-BTN&quot;]&quot;}
  (Session info: chrome=127.0.6533.120)
For documentation on this error, please visit: https://www.selenium.dev/documentation/webdriver/troubleshooting/errors#no-such-element-exception
Build info: version: &apos;4.21.0&apos;, revision: &apos;79ed462ef4&apos;
System info: os.name: &apos;Windows 11&apos;, os.arch: &apos;amd64&apos;, os.version: &apos;10.0&apos;, java.version: &apos;17.0.9&apos;
Driver info: org.openqa.selenium.chrome.ChromeDriver
Command: [7628578f2860984ac461691877f83014, findElement {value=//button[@data-testid = &quot;WEB-AND_ONBRD_ENTR-PAN_SBMT-BTN&quot;], using=xpath}]
Capabilities {acceptInsecureCerts: false, browserName: chrome, browserVersion: 127.0.6533.120, chrome: {chromedriverVersion: 127.0.6533.119 (bdef6783a05..., userDataDir: C:\Users\ARUNKU~1\AppData\L...}, fedcm:accounts: true, goog:chromeOptions: {debuggerAddress: localhost:63762}, networkConnectionEnabled: false, pageLoadStrategy: normal, platformName: windows, proxy: Proxy(), se:cdp: ws://localhost:63762/devtoo..., se:cdpVersion: 127.0.6533.120, setWindowRect: true, strictFileInteractability: false, timeouts: {implicit: 0, pageLoad: 300000, script: 30000}, unhandledPromptBehavior: dismiss and notify, webauthn:extension:credBlob: true, webauthn:extension:largeBlob: true, webauthn:extension:minPinLength: true, webauthn:extension:prf: true, webauthn:virtualAuthenticators: true}
Session ID: 7628578f2860984ac461691877f83014
	at java.base/jdk.internal.reflect.NativeConstructorAccessorImpl.newInstance0(Native Method)
	at java.base/jdk.internal.reflect.NativeConstructorAccessorImpl.newInstance(NativeConstructorAccessorImpl.java:77)
	at java.base/jdk.internal.reflect.DelegatingConstructorAccessorImpl.newInstance(DelegatingConstructorAccessorImpl.java:45)
	at java.base/java.lang.reflect.Constructor.newInstanceWithCaller(Constructor.java:499)
	at java.base/java.lang.reflect.Constructor.newInstance(Constructor.java:480)
	at org.openqa.selenium.remote.ErrorCodec.decode(ErrorCodec.java:167)
	at org.openqa.selenium.remote.codec.w3c.W3CHttpResponseCodec.decode(W3CHttpResponseCodec.java:138)
	at org.openqa.selenium.remote.codec.w3c.W3CHttpResponseCodec.decode(W3CHttpResponseCodec.java:50)
	at org.openqa.selenium.remote.HttpCommandExecutor.execute(HttpCommandExecutor.java:190)
	at org.openqa.selenium.remote.service.DriverCommandExecutor.invokeExecute(DriverCommandExecutor.java:216)
	at org.openqa.selenium.remote.service.DriverCommandExecutor.execute(DriverCommandExecutor.java:174)
	at org.openqa.selenium.remote.RemoteWebDriver.execute(RemoteWebDriver.java:518)
	at org.openqa.selenium.remote.ElementLocation$ElementFinder$2.findElement(ElementLocation.java:165)
	at org.openqa.selenium.remote.ElementLocation.findElement(ElementLocation.java:59)
	at org.openqa.selenium.remote.RemoteWebDriver.findElement(RemoteWebDriver.java:355)
	at org.openqa.selenium.remote.RemoteWebDriver.findElement(RemoteWebDriver.java:349)
	at uatIndieWeb.Pages.PanScreen.clickOnPanSubmitCTA(PanScreen.java:45)
	at uatIndieWeb.Tests.IndieWebTestcasesWiseExecution.verifyClickOnPanSubmitCTATest(IndieWebTestcasesWiseExecution.java:172)
	at java.base/jdk.internal.reflect.NativeMethodAccessorImpl.invoke0(Native Method)
	at java.base/jdk.internal.reflect.NativeMethodAccessorImpl.invoke(NativeMethodAccessorImpl.java:77)
	at java.base/jdk.internal.reflect.DelegatingMethodAccessorImpl.invoke(DelegatingMethodAccessorImpl.java:43)
	at java.base/java.lang.reflect.Method.invoke(Method.java:568)
	at org.testng.internal.MethodInvocationHelper.invokeMethod(MethodInvocationHelper.java:124)
	at org.testng.internal.Invoker.invokeMethod(Invoker.java:583)
	at org.testng.internal.Invoker.invokeTestMethod(Invoker.java:719)
	at org.testng.internal.Invoker.invokeTestMethods(Invoker.java:989)
	at org.testng.internal.TestMethodWorker.invokeTestMethods(TestMethodWorker.java:125)
	at org.testng.internal.TestMethodWorker.run(TestMethodWorker.java:109)
	at org.testng.TestRunner.privateRun(TestRunner.java:648)
	at org.testng.TestRunner.run(TestRunner.java:505)
	at org.testng.SuiteRunner.runTest(SuiteRunner.java:455)
	at org.testng.SuiteRunner.runSequentially(SuiteRunner.java:450)
	at org.testng.SuiteRunner.privateRun(SuiteRunner.java:415)
	at org.testng.SuiteRunner.run(SuiteRunner.java:364)
	at org.testng.SuiteRunnerWorker.runSuite(SuiteRunnerWorker.java:52)
	at org.testng.SuiteRunnerWorker.run(SuiteRunnerWorker.java:84)
	at org.testng.TestNG.runSuitesSequentially(TestNG.java:1208)
	at org.testng.TestNG.runSuitesLocally(TestNG.java:1137)
	at org.testng.TestNG.runSuites(TestNG.java:1049)
	at org.testng.TestNG.run(TestNG.java:1017)
	at org.testng.remote.AbstractRemoteTestNG.run(AbstractRemoteTestNG.java:115)
	at org.testng.remote.RemoteTestNG.initAndRun(RemoteTestNG.java:251)
	at org.testng.remote.RemoteTestNG.main(RemoteTestNG.java:77)

</div> <!-- stack-trace -->
                </div> <!-- method-content -->
              </div> <!-- method -->
              <div class="method">
                <div class="method-content">
                  <a name="verifyEnterPanTest">
                  </a> <!-- verifyEnterPanTest -->
                  <span class="method-name">verifyEnterPanTest</span>
                  <div class="stack-trace">org.openqa.selenium.NoSuchElementException: no such element: Unable to locate element: {&quot;method&quot;:&quot;css selector&quot;,&quot;selector&quot;:&quot;*[name=&apos;input&apos;]&quot;}
  (Session info: chrome=127.0.6533.120)
For documentation on this error, please visit: https://www.selenium.dev/documentation/webdriver/troubleshooting/errors#no-such-element-exception
Build info: version: &apos;4.21.0&apos;, revision: &apos;79ed462ef4&apos;
System info: os.name: &apos;Windows 11&apos;, os.arch: &apos;amd64&apos;, os.version: &apos;10.0&apos;, java.version: &apos;17.0.9&apos;
Driver info: org.openqa.selenium.chrome.ChromeDriver
Command: [7628578f2860984ac461691877f83014, findElement {value=input, using=name}]
Capabilities {acceptInsecureCerts: false, browserName: chrome, browserVersion: 127.0.6533.120, chrome: {chromedriverVersion: 127.0.6533.119 (bdef6783a05..., userDataDir: C:\Users\ARUNKU~1\AppData\L...}, fedcm:accounts: true, goog:chromeOptions: {debuggerAddress: localhost:63762}, networkConnectionEnabled: false, pageLoadStrategy: normal, platformName: windows, proxy: Proxy(), se:cdp: ws://localhost:63762/devtoo..., se:cdpVersion: 127.0.6533.120, setWindowRect: true, strictFileInteractability: false, timeouts: {implicit: 0, pageLoad: 300000, script: 30000}, unhandledPromptBehavior: dismiss and notify, webauthn:extension:credBlob: true, webauthn:extension:largeBlob: true, webauthn:extension:minPinLength: true, webauthn:extension:prf: true, webauthn:virtualAuthenticators: true}
Session ID: 7628578f2860984ac461691877f83014
	at java.base/jdk.internal.reflect.NativeConstructorAccessorImpl.newInstance0(Native Method)
	at java.base/jdk.internal.reflect.NativeConstructorAccessorImpl.newInstance(NativeConstructorAccessorImpl.java:77)
	at java.base/jdk.internal.reflect.DelegatingConstructorAccessorImpl.newInstance(DelegatingConstructorAccessorImpl.java:45)
	at java.base/java.lang.reflect.Constructor.newInstanceWithCaller(Constructor.java:499)
	at java.base/java.lang.reflect.Constructor.newInstance(Constructor.java:480)
	at org.openqa.selenium.remote.ErrorCodec.decode(ErrorCodec.java:167)
	at org.openqa.selenium.remote.codec.w3c.W3CHttpResponseCodec.decode(W3CHttpResponseCodec.java:138)
	at org.openqa.selenium.remote.codec.w3c.W3CHttpResponseCodec.decode(W3CHttpResponseCodec.java:50)
	at org.openqa.selenium.remote.HttpCommandExecutor.execute(HttpCommandExecutor.java:190)
	at org.openqa.selenium.remote.service.DriverCommandExecutor.invokeExecute(DriverCommandExecutor.java:216)
	at org.openqa.selenium.remote.service.DriverCommandExecutor.execute(DriverCommandExecutor.java:174)
	at org.openqa.selenium.remote.RemoteWebDriver.execute(RemoteWebDriver.java:518)
	at org.openqa.selenium.remote.ElementLocation$ElementFinder$2.findElement(ElementLocation.java:165)
	at org.openqa.selenium.remote.ElementLocation.findElement(ElementLocation.java:59)
	at org.openqa.selenium.remote.RemoteWebDriver.findElement(RemoteWebDriver.java:355)
	at org.openqa.selenium.remote.RemoteWebDriver.findElement(RemoteWebDriver.java:349)
	at uatIndieWeb.Pages.PanScreen.enterPan(PanScreen.java:39)
	at uatIndieWeb.Tests.IndieWebTestcasesWiseExecution.verifyEnterPanTest(IndieWebTestcasesWiseExecution.java:167)
	at java.base/jdk.internal.reflect.NativeMethodAccessorImpl.invoke0(Native Method)
	at java.base/jdk.internal.reflect.NativeMethodAccessorImpl.invoke(NativeMethodAccessorImpl.java:77)
	at java.base/jdk.internal.reflect.DelegatingMethodAccessorImpl.invoke(DelegatingMethodAccessorImpl.java:43)
	at java.base/java.lang.reflect.Method.invoke(Method.java:568)
	at org.testng.internal.MethodInvocationHelper.invokeMethod(MethodInvocationHelper.java:124)
	at org.testng.internal.Invoker.invokeMethod(Invoker.java:583)
	at org.testng.internal.Invoker.invokeTestMethod(Invoker.java:719)
	at org.testng.internal.Invoker.invokeTestMethods(Invoker.java:989)
	at org.testng.internal.TestMethodWorker.invokeTestMethods(TestMethodWorker.java:125)
	at org.testng.internal.TestMethodWorker.run(TestMethodWorker.java:109)
	at org.testng.TestRunner.privateRun(TestRunner.java:648)
	at org.testng.TestRunner.run(TestRunner.java:505)
	at org.testng.SuiteRunner.runTest(SuiteRunner.java:455)
	at org.testng.SuiteRunner.runSequentially(SuiteRunner.java:450)
	at org.testng.SuiteRunner.privateRun(SuiteRunner.java:415)
	at org.testng.SuiteRunner.run(SuiteRunner.java:364)
	at org.testng.SuiteRunnerWorker.runSuite(SuiteRunnerWorker.java:52)
	at org.testng.SuiteRunnerWorker.run(SuiteRunnerWorker.java:84)
	at org.testng.TestNG.runSuitesSequentially(TestNG.java:1208)
	at org.testng.TestNG.runSuitesLocally(TestNG.java:1137)
	at org.testng.TestNG.runSuites(TestNG.java:1049)
	at org.testng.TestNG.run(TestNG.java:1017)
	at org.testng.remote.AbstractRemoteTestNG.run(AbstractRemoteTestNG.java:115)
	at org.testng.remote.RemoteTestNG.initAndRun(RemoteTestNG.java:251)
	at org.testng.remote.RemoteTestNG.main(RemoteTestNG.java:77)

</div> <!-- stack-trace -->
                </div> <!-- method-content -->
              </div> <!-- method -->
              <div class="method">
                <div class="method-content">
                  <a name="verifyInputDOBAtAdhaarScreenTest">
                  </a> <!-- verifyInputDOBAtAdhaarScreenTest -->
                  <span class="method-name">verifyInputDOBAtAdhaarScreenTest</span>
                  <div class="stack-trace">org.openqa.selenium.NoSuchElementException: no such element: Unable to locate element: {&quot;method&quot;:&quot;xpath&quot;,&quot;selector&quot;:&quot;//label[text()=&quot;DOB&quot;]&quot;}
  (Session info: chrome=127.0.6533.120)
For documentation on this error, please visit: https://www.selenium.dev/documentation/webdriver/troubleshooting/errors#no-such-element-exception
Build info: version: &apos;4.21.0&apos;, revision: &apos;79ed462ef4&apos;
System info: os.name: &apos;Windows 11&apos;, os.arch: &apos;amd64&apos;, os.version: &apos;10.0&apos;, java.version: &apos;17.0.9&apos;
Driver info: org.openqa.selenium.chrome.ChromeDriver
Command: [7628578f2860984ac461691877f83014, findElement {value=//label[text()=&quot;DOB&quot;], using=xpath}]
Capabilities {acceptInsecureCerts: false, browserName: chrome, browserVersion: 127.0.6533.120, chrome: {chromedriverVersion: 127.0.6533.119 (bdef6783a05..., userDataDir: C:\Users\ARUNKU~1\AppData\L...}, fedcm:accounts: true, goog:chromeOptions: {debuggerAddress: localhost:63762}, networkConnectionEnabled: false, pageLoadStrategy: normal, platformName: windows, proxy: Proxy(), se:cdp: ws://localhost:63762/devtoo..., se:cdpVersion: 127.0.6533.120, setWindowRect: true, strictFileInteractability: false, timeouts: {implicit: 0, pageLoad: 300000, script: 30000}, unhandledPromptBehavior: dismiss and notify, webauthn:extension:credBlob: true, webauthn:extension:largeBlob: true, webauthn:extension:minPinLength: true, webauthn:extension:prf: true, webauthn:virtualAuthenticators: true}
Session ID: 7628578f2860984ac461691877f83014
	at java.base/jdk.internal.reflect.NativeConstructorAccessorImpl.newInstance0(Native Method)
	at java.base/jdk.internal.reflect.NativeConstructorAccessorImpl.newInstance(NativeConstructorAccessorImpl.java:77)
	at java.base/jdk.internal.reflect.DelegatingConstructorAccessorImpl.newInstance(DelegatingConstructorAccessorImpl.java:45)
	at java.base/java.lang.reflect.Constructor.newInstanceWithCaller(Constructor.java:499)
	at java.base/java.lang.reflect.Constructor.newInstance(Constructor.java:480)
	at org.openqa.selenium.remote.ErrorCodec.decode(ErrorCodec.java:167)
	at org.openqa.selenium.remote.codec.w3c.W3CHttpResponseCodec.decode(W3CHttpResponseCodec.java:138)
	at org.openqa.selenium.remote.codec.w3c.W3CHttpResponseCodec.decode(W3CHttpResponseCodec.java:50)
	at org.openqa.selenium.remote.HttpCommandExecutor.execute(HttpCommandExecutor.java:190)
	at org.openqa.selenium.remote.service.DriverCommandExecutor.invokeExecute(DriverCommandExecutor.java:216)
	at org.openqa.selenium.remote.service.DriverCommandExecutor.execute(DriverCommandExecutor.java:174)
	at org.openqa.selenium.remote.RemoteWebDriver.execute(RemoteWebDriver.java:518)
	at org.openqa.selenium.remote.ElementLocation$ElementFinder$2.findElement(ElementLocation.java:165)
	at org.openqa.selenium.remote.ElementLocation.findElement(ElementLocation.java:59)
	at org.openqa.selenium.remote.RemoteWebDriver.findElement(RemoteWebDriver.java:355)
	at org.openqa.selenium.remote.RemoteWebDriver.findElement(RemoteWebDriver.java:349)
	at uatIndieWeb.Pages.AadhaarScreen.inputDOB(AadhaarScreen.java:126)
	at uatIndieWeb.Tests.IndieWebTestcasesWiseExecution.verifyInputDOBAtAdhaarScreenTest(IndieWebTestcasesWiseExecution.java:245)
	at java.base/jdk.internal.reflect.NativeMethodAccessorImpl.invoke0(Native Method)
	at java.base/jdk.internal.reflect.NativeMethodAccessorImpl.invoke(NativeMethodAccessorImpl.java:77)
	at java.base/jdk.internal.reflect.DelegatingMethodAccessorImpl.invoke(DelegatingMethodAccessorImpl.java:43)
	at java.base/java.lang.reflect.Method.invoke(Method.java:568)
	at org.testng.internal.MethodInvocationHelper.invokeMethod(MethodInvocationHelper.java:124)
	at org.testng.internal.Invoker.invokeMethod(Invoker.java:583)
	at org.testng.internal.Invoker.invokeTestMethod(Invoker.java:719)
	at org.testng.internal.Invoker.invokeTestMethods(Invoker.java:989)
	at org.testng.internal.TestMethodWorker.invokeTestMethods(TestMethodWorker.java:125)
	at org.testng.internal.TestMethodWorker.run(TestMethodWorker.java:109)
	at org.testng.TestRunner.privateRun(TestRunner.java:648)
	at org.testng.TestRunner.run(TestRunner.java:505)
	at org.testng.SuiteRunner.runTest(SuiteRunner.java:455)
	at org.testng.SuiteRunner.runSequentially(SuiteRunner.java:450)
	at org.testng.SuiteRunner.privateRun(SuiteRunner.java:415)
	at org.testng.SuiteRunner.run(SuiteRunner.java:364)
	at org.testng.SuiteRunnerWorker.runSuite(SuiteRunnerWorker.java:52)
	at org.testng.SuiteRunnerWorker.run(SuiteRunnerWorker.java:84)
	at org.testng.TestNG.runSuitesSequentially(TestNG.java:1208)
	at org.testng.TestNG.runSuitesLocally(TestNG.java:1137)
	at org.testng.TestNG.runSuites(TestNG.java:1049)
	at org.testng.TestNG.run(TestNG.java:1017)
	at org.testng.remote.AbstractRemoteTestNG.run(AbstractRemoteTestNG.java:115)
	at org.testng.remote.RemoteTestNG.initAndRun(RemoteTestNG.java:251)
	at org.testng.remote.RemoteTestNG.main(RemoteTestNG.java:77)

</div> <!-- stack-trace -->
                </div> <!-- method-content -->
              </div> <!-- method -->
              <div class="method">
                <div class="method-content">
                  <a name="verifySelectBirthYearFromCalenderTest">
                  </a> <!-- verifySelectBirthYearFromCalenderTest -->
                  <span class="method-name">verifySelectBirthYearFromCalenderTest</span>
                  <div class="stack-trace">org.openqa.selenium.NoSuchElementException: no such element: Unable to locate element: {&quot;method&quot;:&quot;css selector&quot;,&quot;selector&quot;:&quot;.react\-datepicker__year\-select&quot;}
  (Session info: chrome=127.0.6533.120)
For documentation on this error, please visit: https://www.selenium.dev/documentation/webdriver/troubleshooting/errors#no-such-element-exception
Build info: version: &apos;4.21.0&apos;, revision: &apos;79ed462ef4&apos;
System info: os.name: &apos;Windows 11&apos;, os.arch: &apos;amd64&apos;, os.version: &apos;10.0&apos;, java.version: &apos;17.0.9&apos;
Driver info: org.openqa.selenium.chrome.ChromeDriver
Command: [7628578f2860984ac461691877f83014, findElement {value=react-datepicker__year-select, using=class name}]
Capabilities {acceptInsecureCerts: false, browserName: chrome, browserVersion: 127.0.6533.120, chrome: {chromedriverVersion: 127.0.6533.119 (bdef6783a05..., userDataDir: C:\Users\ARUNKU~1\AppData\L...}, fedcm:accounts: true, goog:chromeOptions: {debuggerAddress: localhost:63762}, networkConnectionEnabled: false, pageLoadStrategy: normal, platformName: windows, proxy: Proxy(), se:cdp: ws://localhost:63762/devtoo..., se:cdpVersion: 127.0.6533.120, setWindowRect: true, strictFileInteractability: false, timeouts: {implicit: 0, pageLoad: 300000, script: 30000}, unhandledPromptBehavior: dismiss and notify, webauthn:extension:credBlob: true, webauthn:extension:largeBlob: true, webauthn:extension:minPinLength: true, webauthn:extension:prf: true, webauthn:virtualAuthenticators: true}
Session ID: 7628578f2860984ac461691877f83014
	at java.base/jdk.internal.reflect.NativeConstructorAccessorImpl.newInstance0(Native Method)
	at java.base/jdk.internal.reflect.NativeConstructorAccessorImpl.newInstance(NativeConstructorAccessorImpl.java:77)
	at java.base/jdk.internal.reflect.DelegatingConstructorAccessorImpl.newInstance(DelegatingConstructorAccessorImpl.java:45)
	at java.base/java.lang.reflect.Constructor.newInstanceWithCaller(Constructor.java:499)
	at java.base/java.lang.reflect.Constructor.newInstance(Constructor.java:480)
	at org.openqa.selenium.remote.ErrorCodec.decode(ErrorCodec.java:167)
	at org.openqa.selenium.remote.codec.w3c.W3CHttpResponseCodec.decode(W3CHttpResponseCodec.java:138)
	at org.openqa.selenium.remote.codec.w3c.W3CHttpResponseCodec.decode(W3CHttpResponseCodec.java:50)
	at org.openqa.selenium.remote.HttpCommandExecutor.execute(HttpCommandExecutor.java:190)
	at org.openqa.selenium.remote.service.DriverCommandExecutor.invokeExecute(DriverCommandExecutor.java:216)
	at org.openqa.selenium.remote.service.DriverCommandExecutor.execute(DriverCommandExecutor.java:174)
	at org.openqa.selenium.remote.RemoteWebDriver.execute(RemoteWebDriver.java:518)
	at org.openqa.selenium.remote.ElementLocation$ElementFinder$2.findElement(ElementLocation.java:165)
	at org.openqa.selenium.remote.ElementLocation.findElement(ElementLocation.java:66)
	at org.openqa.selenium.remote.RemoteWebDriver.findElement(RemoteWebDriver.java:355)
	at org.openqa.selenium.remote.RemoteWebDriver.findElement(RemoteWebDriver.java:349)
	at uatIndieWeb.Pages.AadhaarScreen.selectBirthYear(AadhaarScreen.java:130)
	at uatIndieWeb.Tests.IndieWebTestcasesWiseExecution.verifySelectBirthYearFromCalenderTest(IndieWebTestcasesWiseExecution.java:250)
	at java.base/jdk.internal.reflect.NativeMethodAccessorImpl.invoke0(Native Method)
	at java.base/jdk.internal.reflect.NativeMethodAccessorImpl.invoke(NativeMethodAccessorImpl.java:77)
	at java.base/jdk.internal.reflect.DelegatingMethodAccessorImpl.invoke(DelegatingMethodAccessorImpl.java:43)
	at java.base/java.lang.reflect.Method.invoke(Method.java:568)
	at org.testng.internal.MethodInvocationHelper.invokeMethod(MethodInvocationHelper.java:124)
	at org.testng.internal.Invoker.invokeMethod(Invoker.java:583)
	at org.testng.internal.Invoker.invokeTestMethod(Invoker.java:719)
	at org.testng.internal.Invoker.invokeTestMethods(Invoker.java:989)
	at org.testng.internal.TestMethodWorker.invokeTestMethods(TestMethodWorker.java:125)
	at org.testng.internal.TestMethodWorker.run(TestMethodWorker.java:109)
	at org.testng.TestRunner.privateRun(TestRunner.java:648)
	at org.testng.TestRunner.run(TestRunner.java:505)
	at org.testng.SuiteRunner.runTest(SuiteRunner.java:455)
	at org.testng.SuiteRunner.runSequentially(SuiteRunner.java:450)
	at org.testng.SuiteRunner.privateRun(SuiteRunner.java:415)
	at org.testng.SuiteRunner.run(SuiteRunner.java:364)
	at org.testng.SuiteRunnerWorker.runSuite(SuiteRunnerWorker.java:52)
	at org.testng.SuiteRunnerWorker.run(SuiteRunnerWorker.java:84)
	at org.testng.TestNG.runSuitesSequentially(TestNG.java:1208)
	at org.testng.TestNG.runSuitesLocally(TestNG.java:1137)
	at org.testng.TestNG.runSuites(TestNG.java:1049)
	at org.testng.TestNG.run(TestNG.java:1017)
	at org.testng.remote.AbstractRemoteTestNG.run(AbstractRemoteTestNG.java:115)
	at org.testng.remote.RemoteTestNG.initAndRun(RemoteTestNG.java:251)
	at org.testng.remote.RemoteTestNG.main(RemoteTestNG.java:77)

</div> <!-- stack-trace -->
                </div> <!-- method-content -->
              </div> <!-- method -->
            </div> <!-- main-panel-content rounded-window-bottom -->
          </div> <!-- suite-Default_suite-class-failed -->
          <div class="suite-Default_suite-class-passed">
            <div class="main-panel-header rounded-window-top">
              <img src="passed.png"/>
              <span class="class-name">uatIndieWeb.Tests.IndieWebTestcasesWiseExecution</span>
            </div> <!-- main-panel-header rounded-window-top -->
            <div class="main-panel-content rounded-window-bottom">
              <div class="method">
                <div class="method-content">
                  <a name="clickAepsCheckBoxTest">
                  </a> <!-- clickAepsCheckBoxTest -->
                  <span class="method-name">clickAepsCheckBoxTest</span>
                </div> <!-- method-content -->
              </div> <!-- method -->
              <div class="method">
                <div class="method-content">
                  <a name="clickContactCTATest">
                  </a> <!-- clickContactCTATest -->
                  <span class="method-name">clickContactCTATest</span>
                </div> <!-- method-content -->
              </div> <!-- method -->
              <div class="method">
                <div class="method-content">
                  <a name="clickPhoneSubmitCTATest">
                  </a> <!-- clickPhoneSubmitCTATest -->
                  <span class="method-name">clickPhoneSubmitCTATest</span>
                </div> <!-- method-content -->
              </div> <!-- method -->
              <div class="method">
                <div class="method-content">
                  <a name="clickReferralLinkCTATest">
                  </a> <!-- clickReferralLinkCTATest -->
                  <span class="method-name">clickReferralLinkCTATest</span>
                </div> <!-- method-content -->
              </div> <!-- method -->
              <div class="method">
                <div class="method-content">
                  <a name="clickReferralSubmitCTATest">
                  </a> <!-- clickReferralSubmitCTATest -->
                  <span class="method-name">clickReferralSubmitCTATest</span>
                </div> <!-- method-content -->
              </div> <!-- method -->
              <div class="method">
                <div class="method-content">
                  <a name="closeContactUsPopUpTest">
                  </a> <!-- closeContactUsPopUpTest -->
                  <span class="method-name">closeContactUsPopUpTest</span>
                </div> <!-- method-content -->
              </div> <!-- method -->
              <div class="method">
                <div class="method-content">
                  <a name="enterOtpTextfield1Test">
                  </a> <!-- enterOtpTextfield1Test -->
                  <span class="method-name">enterOtpTextfield1Test</span>
                </div> <!-- method-content -->
              </div> <!-- method -->
              <div class="method">
                <div class="method-content">
                  <a name="enterOtpTextfield2Test">
                  </a> <!-- enterOtpTextfield2Test -->
                  <span class="method-name">enterOtpTextfield2Test</span>
                </div> <!-- method-content -->
              </div> <!-- method -->
              <div class="method">
                <div class="method-content">
                  <a name="enterOtpTextfield3Test">
                  </a> <!-- enterOtpTextfield3Test -->
                  <span class="method-name">enterOtpTextfield3Test</span>
                </div> <!-- method-content -->
              </div> <!-- method -->
              <div class="method">
                <div class="method-content">
                  <a name="enterOtpTextfield4Test">
                  </a> <!-- enterOtpTextfield4Test -->
                  <span class="method-name">enterOtpTextfield4Test</span>
                </div> <!-- method-content -->
              </div> <!-- method -->
              <div class="method">
                <div class="method-content">
                  <a name="enterOtpTextfield5Test">
                  </a> <!-- enterOtpTextfield5Test -->
                  <span class="method-name">enterOtpTextfield5Test</span>
                </div> <!-- method-content -->
              </div> <!-- method -->
              <div class="method">
                <div class="method-content">
                  <a name="enterOtpTextfield6Test">
                  </a> <!-- enterOtpTextfield6Test -->
                  <span class="method-name">enterOtpTextfield6Test</span>
                </div> <!-- method-content -->
              </div> <!-- method -->
              <div class="method">
                <div class="method-content">
                  <a name="enterPhoneNumberTest">
                  </a> <!-- enterPhoneNumberTest -->
                  <span class="method-name">enterPhoneNumberTest</span>
                </div> <!-- method-content -->
              </div> <!-- method -->
              <div class="method">
                <div class="method-content">
                  <a name="enterReferralCodeTest">
                  </a> <!-- enterReferralCodeTest -->
                  <span class="method-name">enterReferralCodeTest</span>
                </div> <!-- method-content -->
              </div> <!-- method -->
              <div class="method">
                <div class="method-content">
                  <a name="getAepsConsentTextTest">
                  </a> <!-- getAepsConsentTextTest -->
                  <span class="method-name">getAepsConsentTextTest</span>
                </div> <!-- method-content -->
              </div> <!-- method -->
              <div class="method">
                <div class="method-content">
                  <a name="getMobileOtpScreenTest">
                  </a> <!-- getMobileOtpScreenTest -->
                  <span class="method-name">getMobileOtpScreenTest</span>
                </div> <!-- method-content -->
              </div> <!-- method -->
              <div class="method">
                <div class="method-content">
                  <a name="getSupportIndieEmailidTest">
                  </a> <!-- getSupportIndieEmailidTest -->
                  <span class="method-name">getSupportIndieEmailidTest</span>
                </div> <!-- method-content -->
              </div> <!-- method -->
              <div class="method">
                <div class="method-content">
                  <a name="getTextValidationTest">
                  </a> <!-- getTextValidationTest -->
                  <span class="method-name">getTextValidationTest</span>
                </div> <!-- method-content -->
              </div> <!-- method -->
              <div class="method">
                <div class="method-content">
                  <a name="letsGetStartedCTATest">
                  </a> <!-- letsGetStartedCTATest -->
                  <span class="method-name">letsGetStartedCTATest</span>
                </div> <!-- method-content -->
              </div> <!-- method -->
              <div class="method">
                <div class="method-content">
                  <a name="navigationToEnterPhoneNumberScreenTest">
                  </a> <!-- navigationToEnterPhoneNumberScreenTest -->
                  <span class="method-name">navigationToEnterPhoneNumberScreenTest</span>
                </div> <!-- method-content -->
              </div> <!-- method -->
              <div class="method">
                <div class="method-content">
                  <a name="validateTextAtReferralPopUpTest">
                  </a> <!-- validateTextAtReferralPopUpTest -->
                  <span class="method-name">validateTextAtReferralPopUpTest</span>
                </div> <!-- method-content -->
              </div> <!-- method -->
              <div class="method">
                <div class="method-content">
                  <a name="verifyInputAdhaarfield10Test">
                  </a> <!-- verifyInputAdhaarfield10Test -->
                  <span class="method-name">verifyInputAdhaarfield10Test</span>
                </div> <!-- method-content -->
              </div> <!-- method -->
              <div class="method">
                <div class="method-content">
                  <a name="verifyInputAdhaarfield11Test">
                  </a> <!-- verifyInputAdhaarfield11Test -->
                  <span class="method-name">verifyInputAdhaarfield11Test</span>
                </div> <!-- method-content -->
              </div> <!-- method -->
              <div class="method">
                <div class="method-content">
                  <a name="verifyInputAdhaarfield121Test">
                  </a> <!-- verifyInputAdhaarfield121Test -->
                  <span class="method-name">verifyInputAdhaarfield121Test</span>
                </div> <!-- method-content -->
              </div> <!-- method -->
              <div class="method">
                <div class="method-content">
                  <a name="verifyInputAdhaarfield1Test">
                  </a> <!-- verifyInputAdhaarfield1Test -->
                  <span class="method-name">verifyInputAdhaarfield1Test</span>
                </div> <!-- method-content -->
              </div> <!-- method -->
              <div class="method">
                <div class="method-content">
                  <a name="verifyInputAdhaarfield2Test">
                  </a> <!-- verifyInputAdhaarfield2Test -->
                  <span class="method-name">verifyInputAdhaarfield2Test</span>
                </div> <!-- method-content -->
              </div> <!-- method -->
              <div class="method">
                <div class="method-content">
                  <a name="verifyInputAdhaarfield3Test">
                  </a> <!-- verifyInputAdhaarfield3Test -->
                  <span class="method-name">verifyInputAdhaarfield3Test</span>
                </div> <!-- method-content -->
              </div> <!-- method -->
              <div class="method">
                <div class="method-content">
                  <a name="verifyInputAdhaarfield4Test">
                  </a> <!-- verifyInputAdhaarfield4Test -->
                  <span class="method-name">verifyInputAdhaarfield4Test</span>
                </div> <!-- method-content -->
              </div> <!-- method -->
              <div class="method">
                <div class="method-content">
                  <a name="verifyInputAdhaarfield5Test">
                  </a> <!-- verifyInputAdhaarfield5Test -->
                  <span class="method-name">verifyInputAdhaarfield5Test</span>
                </div> <!-- method-content -->
              </div> <!-- method -->
              <div class="method">
                <div class="method-content">
                  <a name="verifyInputAdhaarfield6Test">
                  </a> <!-- verifyInputAdhaarfield6Test -->
                  <span class="method-name">verifyInputAdhaarfield6Test</span>
                </div> <!-- method-content -->
              </div> <!-- method -->
              <div class="method">
                <div class="method-content">
                  <a name="verifyInputAdhaarfield7Test">
                  </a> <!-- verifyInputAdhaarfield7Test -->
                  <span class="method-name">verifyInputAdhaarfield7Test</span>
                </div> <!-- method-content -->
              </div> <!-- method -->
              <div class="method">
                <div class="method-content">
                  <a name="verifyInputAdhaarfield8Test">
                  </a> <!-- verifyInputAdhaarfield8Test -->
                  <span class="method-name">verifyInputAdhaarfield8Test</span>
                </div> <!-- method-content -->
              </div> <!-- method -->
              <div class="method">
                <div class="method-content">
                  <a name="verifyInputAdhaarfield9Test">
                  </a> <!-- verifyInputAdhaarfield9Test -->
                  <span class="method-name">verifyInputAdhaarfield9Test</span>
                </div> <!-- method-content -->
              </div> <!-- method -->
            </div> <!-- main-panel-content rounded-window-bottom -->
          </div> <!-- suite-Default_suite-class-passed -->
        </div> <!-- panel Default_suite -->
        <div panel-name="test-xml-Default_suite" class="panel">
          <div class="main-panel-header rounded-window-top">
            <span class="header-content">C:\Users\ARUN KUMAR\AppData\Local\Temp\testng-eclipse-91799966\testng-customsuite.xml</span>
          </div> <!-- main-panel-header rounded-window-top -->
          <div class="main-panel-content rounded-window-bottom">
            <pre>
&lt;?xml version=&quot;1.0&quot; encoding=&quot;UTF-8&quot;?&gt;
&lt;!DOCTYPE suite SYSTEM &quot;http://testng.org/testng-1.0.dtd&quot;&gt;
&lt;suite name=&quot;Default suite&quot; guice-stage=&quot;DEVELOPMENT&quot;&gt;
  &lt;test thread-count=&quot;5&quot; name=&quot;Default test&quot; verbose=&quot;2&quot;&gt;
    &lt;classes&gt;
      &lt;class name=&quot;uatIndieWeb.Tests.IndieWebTestcasesWiseExecution&quot;/&gt;
    &lt;/classes&gt;
  &lt;/test&gt; &lt;!-- Default test --&gt;
&lt;/suite&gt; &lt;!-- Default suite --&gt;
            </pre>
          </div> <!-- main-panel-content rounded-window-bottom -->
        </div> <!-- panel -->
        <div panel-name="testlist-Default_suite" class="panel">
          <div class="main-panel-header rounded-window-top">
            <span class="header-content">Tests for Default suite</span>
          </div> <!-- main-panel-header rounded-window-top -->
          <div class="main-panel-content rounded-window-bottom">
            <ul>
              <li>
                <span class="test-name">Default test (1 class)</span>
              </li>
            </ul>
          </div> <!-- main-panel-content rounded-window-bottom -->
        </div> <!-- panel -->
        <div panel-name="group-Default_suite" class="panel">
          <div class="main-panel-header rounded-window-top">
            <span class="header-content">Groups for Default suite</span>
          </div> <!-- main-panel-header rounded-window-top -->
          <div class="main-panel-content rounded-window-bottom">
          </div> <!-- main-panel-content rounded-window-bottom -->
        </div> <!-- panel -->
        <div panel-name="times-Default_suite" class="panel">
          <div class="main-panel-header rounded-window-top">
            <span class="header-content">Times for Default suite</span>
          </div> <!-- main-panel-header rounded-window-top -->
          <div class="main-panel-content rounded-window-bottom">
            <div class="times-div">
              <script type="text/javascript">
suiteTableInitFunctions.push('tableData_Default_suite');
function tableData_Default_suite() {
var data = new google.visualization.DataTable();
data.addColumn('number', 'Number');
data.addColumn('string', 'Method');
data.addColumn('string', 'Class');
data.addColumn('number', 'Time (ms)');
data.addRows(38);
data.setCell(0, 0, 0)
data.setCell(0, 1, 'verifySelectBirthYearFromCalenderTest')
data.setCell(0, 2, 'uatIndieWeb.Tests.IndieWebTestcasesWiseExecution')
data.setCell(0, 3, 60101);
data.setCell(1, 0, 1)
data.setCell(1, 1, 'verifyInputDOBAtAdhaarScreenTest')
data.setCell(1, 2, 'uatIndieWeb.Tests.IndieWebTestcasesWiseExecution')
data.setCell(1, 3, 60071);
data.setCell(2, 0, 2)
data.setCell(2, 1, 'verifyEnterPanTest')
data.setCell(2, 2, 'uatIndieWeb.Tests.IndieWebTestcasesWiseExecution')
data.setCell(2, 3, 60070);
data.setCell(3, 0, 3)
data.setCell(3, 1, 'verifyClickOnPanSubmitCTATest')
data.setCell(3, 2, 'uatIndieWeb.Tests.IndieWebTestcasesWiseExecution')
data.setCell(3, 3, 60039);
data.setCell(4, 0, 4)
data.setCell(4, 1, 'clickOnOtpSubmitCTATest')
data.setCell(4, 2, 'uatIndieWeb.Tests.IndieWebTestcasesWiseExecution')
data.setCell(4, 3, 1332);
data.setCell(5, 0, 5)
data.setCell(5, 1, 'enterReferralCodeTest')
data.setCell(5, 2, 'uatIndieWeb.Tests.IndieWebTestcasesWiseExecution')
data.setCell(5, 3, 499);
data.setCell(6, 0, 6)
data.setCell(6, 1, 'enterOtpTextfield1Test')
data.setCell(6, 2, 'uatIndieWeb.Tests.IndieWebTestcasesWiseExecution')
data.setCell(6, 3, 325);
data.setCell(7, 0, 7)
data.setCell(7, 1, 'clickContactCTATest')
data.setCell(7, 2, 'uatIndieWeb.Tests.IndieWebTestcasesWiseExecution')
data.setCell(7, 3, 279);
data.setCell(8, 0, 8)
data.setCell(8, 1, 'enterOtpTextfield6Test')
data.setCell(8, 2, 'uatIndieWeb.Tests.IndieWebTestcasesWiseExecution')
data.setCell(8, 3, 257);
data.setCell(9, 0, 9)
data.setCell(9, 1, 'navigationToEnterPhoneNumberScreenTest')
data.setCell(9, 2, 'uatIndieWeb.Tests.IndieWebTestcasesWiseExecution')
data.setCell(9, 3, 205);
data.setCell(10, 0, 10)
data.setCell(10, 1, 'enterPhoneNumberTest')
data.setCell(10, 2, 'uatIndieWeb.Tests.IndieWebTestcasesWiseExecution')
data.setCell(10, 3, 190);
data.setCell(11, 0, 11)
data.setCell(11, 1, 'getMobileOtpScreenTest')
data.setCell(11, 2, 'uatIndieWeb.Tests.IndieWebTestcasesWiseExecution')
data.setCell(11, 3, 190);
data.setCell(12, 0, 12)
data.setCell(12, 1, 'enterOtpTextfield5Test')
data.setCell(12, 2, 'uatIndieWeb.Tests.IndieWebTestcasesWiseExecution')
data.setCell(12, 3, 173);
data.setCell(13, 0, 13)
data.setCell(13, 1, 'verifyInputAdhaarfield6Test')
data.setCell(13, 2, 'uatIndieWeb.Tests.IndieWebTestcasesWiseExecution')
data.setCell(13, 3, 169);
data.setCell(14, 0, 14)
data.setCell(14, 1, 'verifyInputAdhaarfield1Test')
data.setCell(14, 2, 'uatIndieWeb.Tests.IndieWebTestcasesWiseExecution')
data.setCell(14, 3, 169);
data.setCell(15, 0, 15)
data.setCell(15, 1, 'clickReferralSubmitCTATest')
data.setCell(15, 2, 'uatIndieWeb.Tests.IndieWebTestcasesWiseExecution')
data.setCell(15, 3, 167);
data.setCell(16, 0, 16)
data.setCell(16, 1, 'verifyInputAdhaarfield9Test')
data.setCell(16, 2, 'uatIndieWeb.Tests.IndieWebTestcasesWiseExecution')
data.setCell(16, 3, 163);
data.setCell(17, 0, 17)
data.setCell(17, 1, 'enterOtpTextfield4Test')
data.setCell(17, 2, 'uatIndieWeb.Tests.IndieWebTestcasesWiseExecution')
data.setCell(17, 3, 162);
data.setCell(18, 0, 18)
data.setCell(18, 1, 'closeContactUsPopUpTest')
data.setCell(18, 2, 'uatIndieWeb.Tests.IndieWebTestcasesWiseExecution')
data.setCell(18, 3, 162);
data.setCell(19, 0, 19)
data.setCell(19, 1, 'verifyInputAdhaarfield3Test')
data.setCell(19, 2, 'uatIndieWeb.Tests.IndieWebTestcasesWiseExecution')
data.setCell(19, 3, 161);
data.setCell(20, 0, 20)
data.setCell(20, 1, 'clickPhoneSubmitCTATest')
data.setCell(20, 2, 'uatIndieWeb.Tests.IndieWebTestcasesWiseExecution')
data.setCell(20, 3, 159);
data.setCell(21, 0, 21)
data.setCell(21, 1, 'verifyInputAdhaarfield4Test')
data.setCell(21, 2, 'uatIndieWeb.Tests.IndieWebTestcasesWiseExecution')
data.setCell(21, 3, 154);
data.setCell(22, 0, 22)
data.setCell(22, 1, 'verifyInputAdhaarfield8Test')
data.setCell(22, 2, 'uatIndieWeb.Tests.IndieWebTestcasesWiseExecution')
data.setCell(22, 3, 150);
data.setCell(23, 0, 23)
data.setCell(23, 1, 'verifyInputAdhaarfield2Test')
data.setCell(23, 2, 'uatIndieWeb.Tests.IndieWebTestcasesWiseExecution')
data.setCell(23, 3, 142);
data.setCell(24, 0, 24)
data.setCell(24, 1, 'verifyInputAdhaarfield5Test')
data.setCell(24, 2, 'uatIndieWeb.Tests.IndieWebTestcasesWiseExecution')
data.setCell(24, 3, 141);
data.setCell(25, 0, 25)
data.setCell(25, 1, 'verifyInputAdhaarfield11Test')
data.setCell(25, 2, 'uatIndieWeb.Tests.IndieWebTestcasesWiseExecution')
data.setCell(25, 3, 135);
data.setCell(26, 0, 26)
data.setCell(26, 1, 'getAepsConsentTextTest')
data.setCell(26, 2, 'uatIndieWeb.Tests.IndieWebTestcasesWiseExecution')
data.setCell(26, 3, 134);
data.setCell(27, 0, 27)
data.setCell(27, 1, 'verifyInputAdhaarfield7Test')
data.setCell(27, 2, 'uatIndieWeb.Tests.IndieWebTestcasesWiseExecution')
data.setCell(27, 3, 133);
data.setCell(28, 0, 28)
data.setCell(28, 1, 'enterOtpTextfield2Test')
data.setCell(28, 2, 'uatIndieWeb.Tests.IndieWebTestcasesWiseExecution')
data.setCell(28, 3, 126);
data.setCell(29, 0, 29)
data.setCell(29, 1, 'verifyInputAdhaarfield121Test')
data.setCell(29, 2, 'uatIndieWeb.Tests.IndieWebTestcasesWiseExecution')
data.setCell(29, 3, 125);
data.setCell(30, 0, 30)
data.setCell(30, 1, 'enterOtpTextfield3Test')
data.setCell(30, 2, 'uatIndieWeb.Tests.IndieWebTestcasesWiseExecution')
data.setCell(30, 3, 113);
data.setCell(31, 0, 31)
data.setCell(31, 1, 'verifyInputAdhaarfield10Test')
data.setCell(31, 2, 'uatIndieWeb.Tests.IndieWebTestcasesWiseExecution')
data.setCell(31, 3, 108);
data.setCell(32, 0, 32)
data.setCell(32, 1, 'clickReferralLinkCTATest')
data.setCell(32, 2, 'uatIndieWeb.Tests.IndieWebTestcasesWiseExecution')
data.setCell(32, 3, 108);
data.setCell(33, 0, 33)
data.setCell(33, 1, 'letsGetStartedCTATest')
data.setCell(33, 2, 'uatIndieWeb.Tests.IndieWebTestcasesWiseExecution')
data.setCell(33, 3, 93);
data.setCell(34, 0, 34)
data.setCell(34, 1, 'getSupportIndieEmailidTest')
data.setCell(34, 2, 'uatIndieWeb.Tests.IndieWebTestcasesWiseExecution')
data.setCell(34, 3, 80);
data.setCell(35, 0, 35)
data.setCell(35, 1, 'validateTextAtReferralPopUpTest')
data.setCell(35, 2, 'uatIndieWeb.Tests.IndieWebTestcasesWiseExecution')
data.setCell(35, 3, 73);
data.setCell(36, 0, 36)
data.setCell(36, 1, 'clickAepsCheckBoxTest')
data.setCell(36, 2, 'uatIndieWeb.Tests.IndieWebTestcasesWiseExecution')
data.setCell(36, 3, 60);
data.setCell(37, 0, 37)
data.setCell(37, 1, 'getTextValidationTest')
data.setCell(37, 2, 'uatIndieWeb.Tests.IndieWebTestcasesWiseExecution')
data.setCell(37, 3, 35);
window.suiteTableData['Default_suite']= { tableData: data, tableDiv: 'times-div-Default_suite'}
return data;
}
              </script>
              <span class="suite-total-time">Total running time: 4 minutes</span>
              <div id="times-div-Default_suite">
              </div> <!-- times-div-Default_suite -->
            </div> <!-- times-div -->
          </div> <!-- main-panel-content rounded-window-bottom -->
        </div> <!-- panel -->
        <div panel-name="reporter-Default_suite" class="panel">
          <div class="main-panel-header rounded-window-top">
            <span class="header-content">Reporter output for Default suite</span>
          </div> <!-- main-panel-header rounded-window-top -->
          <div class="main-panel-content rounded-window-bottom">
          </div> <!-- main-panel-content rounded-window-bottom -->
        </div> <!-- panel -->
        <div panel-name="ignored-methods-Default_suite" class="panel">
          <div class="main-panel-header rounded-window-top">
            <span class="header-content">0 ignored methods</span>
          </div> <!-- main-panel-header rounded-window-top -->
          <div class="main-panel-content rounded-window-bottom">
          </div> <!-- main-panel-content rounded-window-bottom -->
        </div> <!-- panel -->
        <div panel-name="chronological-Default_suite" class="panel">
          <div class="main-panel-header rounded-window-top">
            <span class="header-content">Methods in chronological order</span>
          </div> <!-- main-panel-header rounded-window-top -->
          <div class="main-panel-content rounded-window-bottom">
            <div class="chronological-class">
              <div class="chronological-class-name">uatIndieWeb.Tests.IndieWebTestcasesWiseExecution</div> <!-- chronological-class-name -->
              <div class="configuration-test before">
                <span class="method-name">setUp</span>
                <span class="method-start">0 ms</span>
              </div> <!-- configuration-test before -->
              <div class="test-method">
                <span class="method-name">clickContactCTATest</span>
                <span class="method-start">21964 ms</span>
              </div> <!-- test-method -->
              <div class="test-method">
                <span class="method-name">getSupportIndieEmailidTest</span>
                <span class="method-start">22544 ms</span>
              </div> <!-- test-method -->
              <div class="test-method">
                <span class="method-name">closeContactUsPopUpTest</span>
                <span class="method-start">22632 ms</span>
              </div> <!-- test-method -->
              <div class="test-method">
                <span class="method-name">letsGetStartedCTATest</span>
                <span class="method-start">22803 ms</span>
              </div> <!-- test-method -->
              <div class="test-method">
                <span class="method-name">navigationToEnterPhoneNumberScreenTest</span>
                <span class="method-start">22900 ms</span>
              </div> <!-- test-method -->
              <div class="test-method">
                <span class="method-name">getTextValidationTest</span>
                <span class="method-start">23113 ms</span>
              </div> <!-- test-method -->
              <div class="test-method">
                <span class="method-name">enterPhoneNumberTest</span>
                <span class="method-start">23152 ms</span>
              </div> <!-- test-method -->
              <div class="test-method">
                <span class="method-name">clickReferralLinkCTATest</span>
                <span class="method-start">23352 ms</span>
              </div> <!-- test-method -->
              <div class="test-method">
                <span class="method-name">validateTextAtReferralPopUpTest</span>
                <span class="method-start">23471 ms</span>
              </div> <!-- test-method -->
              <div class="test-method">
                <span class="method-name">enterReferralCodeTest</span>
                <span class="method-start">23568 ms</span>
              </div> <!-- test-method -->
              <div class="test-method">
                <span class="method-name">clickReferralSubmitCTATest</span>
                <span class="method-start">24074 ms</span>
              </div> <!-- test-method -->
              <div class="test-method">
                <span class="method-name">getAepsConsentTextTest</span>
                <span class="method-start">24249 ms</span>
              </div> <!-- test-method -->
              <div class="test-method">
                <span class="method-name">clickAepsCheckBoxTest</span>
                <span class="method-start">24387 ms</span>
              </div> <!-- test-method -->
              <div class="test-method">
                <span class="method-name">clickPhoneSubmitCTATest</span>
                <span class="method-start">24450 ms</span>
              </div> <!-- test-method -->
              <div class="test-method">
                <span class="method-name">getMobileOtpScreenTest</span>
                <span class="method-start">24614 ms</span>
              </div> <!-- test-method -->
              <div class="test-method">
                <span class="method-name">enterOtpTextfield1Test</span>
                <span class="method-start">24807 ms</span>
              </div> <!-- test-method -->
              <div class="test-method">
                <span class="method-name">enterOtpTextfield2Test</span>
                <span class="method-start">25177 ms</span>
              </div> <!-- test-method -->
              <div class="test-method">
                <span class="method-name">enterOtpTextfield3Test</span>
                <span class="method-start">25324 ms</span>
              </div> <!-- test-method -->
              <div class="test-method">
                <span class="method-name">enterOtpTextfield4Test</span>
                <span class="method-start">25440 ms</span>
              </div> <!-- test-method -->
              <div class="test-method">
                <span class="method-name">enterOtpTextfield5Test</span>
                <span class="method-start">25622 ms</span>
              </div> <!-- test-method -->
              <div class="test-method">
                <span class="method-name">enterOtpTextfield6Test</span>
                <span class="method-start">25809 ms</span>
              </div> <!-- test-method -->
              <div class="test-method">
                <img src="failed.png">
                </img>
                <span class="method-name">clickOnOtpSubmitCTATest</span>
                <span class="method-start">26099 ms</span>
              </div> <!-- test-method -->
              <div class="test-method">
                <img src="failed.png">
                </img>
                <span class="method-name">verifyEnterPanTest</span>
                <span class="method-start">27455 ms</span>
              </div> <!-- test-method -->
              <div class="test-method">
                <img src="failed.png">
                </img>
                <span class="method-name">verifyClickOnPanSubmitCTATest</span>
                <span class="method-start">87528 ms</span>
              </div> <!-- test-method -->
              <div class="test-method">
                <span class="method-name">verifyInputAdhaarfield1Test</span>
                <span class="method-start">147579 ms</span>
              </div> <!-- test-method -->
              <div class="test-method">
                <span class="method-name">verifyInputAdhaarfield2Test</span>
                <span class="method-start">147759 ms</span>
              </div> <!-- test-method -->
              <div class="test-method">
                <span class="method-name">verifyInputAdhaarfield3Test</span>
                <span class="method-start">147901 ms</span>
              </div> <!-- test-method -->
              <div class="test-method">
                <span class="method-name">verifyInputAdhaarfield4Test</span>
                <span class="method-start">148062 ms</span>
              </div> <!-- test-method -->
              <div class="test-method">
                <span class="method-name">verifyInputAdhaarfield5Test</span>
                <span class="method-start">148220 ms</span>
              </div> <!-- test-method -->
              <div class="test-method">
                <span class="method-name">verifyInputAdhaarfield6Test</span>
                <span class="method-start">148361 ms</span>
              </div> <!-- test-method -->
              <div class="test-method">
                <span class="method-name">verifyInputAdhaarfield7Test</span>
                <span class="method-start">148530 ms</span>
              </div> <!-- test-method -->
              <div class="test-method">
                <span class="method-name">verifyInputAdhaarfield8Test</span>
                <span class="method-start">148668 ms</span>
              </div> <!-- test-method -->
              <div class="test-method">
                <span class="method-name">verifyInputAdhaarfield9Test</span>
                <span class="method-start">148818 ms</span>
              </div> <!-- test-method -->
              <div class="test-method">
                <span class="method-name">verifyInputAdhaarfield10Test</span>
                <span class="method-start">148985 ms</span>
              </div> <!-- test-method -->
              <div class="test-method">
                <span class="method-name">verifyInputAdhaarfield11Test</span>
                <span class="method-start">149097 ms</span>
              </div> <!-- test-method -->
              <div class="test-method">
                <span class="method-name">verifyInputAdhaarfield121Test</span>
                <span class="method-start">149237 ms</span>
              </div> <!-- test-method -->
              <div class="test-method">
                <img src="failed.png">
                </img>
                <span class="method-name">verifyInputDOBAtAdhaarScreenTest</span>
                <span class="method-start">149367 ms</span>
              </div> <!-- test-method -->
              <div class="test-method">
                <img src="failed.png">
                </img>
                <span class="method-name">verifySelectBirthYearFromCalenderTest</span>
                <span class="method-start">209454 ms</span>
              </div> <!-- test-method -->
              <div class="configuration-test after">
                <span class="method-name">tearDown</span>
                <span class="method-start">269572 ms</span>
              </div> <!-- configuration-test after -->
          </div> <!-- main-panel-content rounded-window-bottom -->
        </div> <!-- panel -->
      </div> <!-- main-panel-root -->
    </div> <!-- wrapper -->
  </body>
</html>
